<?xml version="1.0" encoding="UTF-8"?>
<testsuites>
  <testsuite name="fastlane.lanes">
    
    
    
      
      <testcase classname="fastlane.lanes" name="0: update_fastlane" time="0.001142">
        
      </testcase>
    
      
      <testcase classname="fastlane.lanes" name="1: default_platform" time="0.000739">
        
      </testcase>
    
      
      <testcase classname="fastlane.lanes" name="2: notification" time="0.264205">
        
      </testcase>
    
      
      <testcase classname="fastlane.lanes" name="3: increment_version_code" time="0.005997">
        
      </testcase>
    
      
      <testcase classname="fastlane.lanes" name="4: gradle" time="190.212482">
        
      </testcase>
    
      
      <testcase classname="fastlane.lanes" name="5: notification" time="0.214156">
        
      </testcase>
    
      
      <testcase classname="fastlane.lanes" name="6: crashlytics" time="1.641165">
        
          <failure message="/Library/Ruby/Gems/2.3.0/gems/fastlane-2.129.0/fastlane/lib/fastlane/actions/actions_helper.rb:48:in `execute_action'&#10;/Library/Ruby/Gems/2.3.0/gems/fastlane-2.129.0/fastlane/lib/fastlane/runner.rb:235:in `block in execute_action'&#10;/Library/Ruby/Gems/2.3.0/gems/fastlane-2.129.0/fastlane/lib/fastlane/runner.rb:227:in `chdir'&#10;/Library/Ruby/Gems/2.3.0/gems/fastlane-2.129.0/fastlane/lib/fastlane/runner.rb:227:in `execute_action'&#10;/Library/Ruby/Gems/2.3.0/gems/fastlane-2.129.0/fastlane/lib/fastlane/runner.rb:157:in `trigger_action_by_name'&#10;/Library/Ruby/Gems/2.3.0/gems/fastlane-2.129.0/fastlane/lib/fastlane/fast_file.rb:154:in `method_missing'&#10;Fastfile:83:in `block (2 levels) in parsing_binding'&#10;/Library/Ruby/Gems/2.3.0/gems/fastlane-2.129.0/fastlane/lib/fastlane/lane.rb:33:in `call'&#10;/Library/Ruby/Gems/2.3.0/gems/fastlane-2.129.0/fastlane/lib/fastlane/runner.rb:49:in `block in execute'&#10;/Library/Ruby/Gems/2.3.0/gems/fastlane-2.129.0/fastlane/lib/fastlane/runner.rb:45:in `chdir'&#10;/Library/Ruby/Gems/2.3.0/gems/fastlane-2.129.0/fastlane/lib/fastlane/runner.rb:45:in `execute'&#10;/Library/Ruby/Gems/2.3.0/gems/fastlane-2.129.0/fastlane/lib/fastlane/lane_manager.rb:56:in `cruise_lane'&#10;/Library/Ruby/Gems/2.3.0/gems/fastlane-2.129.0/fastlane/lib/fastlane/command_line_handler.rb:36:in `handle'&#10;/Library/Ruby/Gems/2.3.0/gems/fastlane-2.129.0/fastlane/lib/fastlane/commands_generator.rb:108:in `block (2 levels) in run'&#10;/Library/Ruby/Gems/2.3.0/gems/commander-fastlane-4.4.6/lib/commander/command.rb:178:in `call'&#10;/Library/Ruby/Gems/2.3.0/gems/commander-fastlane-4.4.6/lib/commander/command.rb:153:in `run'&#10;/Library/Ruby/Gems/2.3.0/gems/commander-fastlane-4.4.6/lib/commander/runner.rb:476:in `run_active_command'&#10;/Library/Ruby/Gems/2.3.0/gems/fastlane-2.129.0/fastlane_core/lib/fastlane_core/ui/fastlane_runner.rb:76:in `run!'&#10;/Library/Ruby/Gems/2.3.0/gems/commander-fastlane-4.4.6/lib/commander/delegates.rb:15:in `run!'&#10;/Library/Ruby/Gems/2.3.0/gems/fastlane-2.129.0/fastlane/lib/fastlane/commands_generator.rb:333:in `run'&#10;/Library/Ruby/Gems/2.3.0/gems/fastlane-2.129.0/fastlane/lib/fastlane/commands_generator.rb:41:in `start'&#10;/Library/Ruby/Gems/2.3.0/gems/fastlane-2.129.0/fastlane/lib/fastlane/cli_tools_distributor.rb:119:in `take_off'&#10;/Library/Ruby/Gems/2.3.0/gems/fastlane-2.129.0/bin/fastlane:23:in `&lt;top (required)&gt;'&#10;/usr/local/bin/fastlane:22:in `load'&#10;/usr/local/bin/fastlane:22:in `&lt;main&gt;'&#10;&#10; WARN - Crashlytics halted compilation because it can't extract Crashlytics build info from the APK: /Users/nikolaj/Projects/hitfly-mobile/android/app/build/outputs/apk/release/app-release.apk&#10;Exception in thread &quot;main&quot; com.crashlytics.tools.android.exception.PluginException: Distribution upload failed.&#10;	at com.crashlytics.tools.android.DeveloperTools.processProperties(DeveloperTools.java:671)&#10;	at com.crashlytics.tools.android.DeveloperTools.processArgsInternal(DeveloperTools.java:348)&#10;	at com.crashlytics.tools.android.DeveloperTools.main(DeveloperTools.java:273)&#10;Caused by: com.crashlytics.tools.android.exception.DistributionException: Crashlytics halted compilation because it can't extract Crashlytics build info from the APK: /Users/nikolaj/Projects/hitfly-mobile/android/app/build/outputs/apk/release/app-release.apk&#10;	at com.crashlytics.tools.android.DistributionTasks.uploadDistribution(DistributionTasks.java:57)&#10;	at com.crashlytics.tools.android.DeveloperTools.processProperties(DeveloperTools.java:669)&#10;	... 2 more&#10;" />
        
      </testcase>
    
      
      <testcase classname="fastlane.lanes" name="7: notification" time="0.200633">
        
      </testcase>
    
  </testsuite>
</testsuites>
